<?xml version="1.0" encoding="UTF-8"?>
<testsuite name="PrimaV5Test" tests="1" skipped="0" failures="0" errors="0" timestamp="2019-12-19T19:53:40" hostname="LAPTOP-BJGGKLR9" time="0.003">
  <properties/>
  <testcase name="CalculoPrima" classname="PrimaV5Test" time="0.003"/>
  <system-out><![CDATA[900.0
400.0
1400.0
250.0
250.0
750.0
No esta dentro del rango de edad
No tiene licencia valida
ERROR
ERROR
No esta dentro del rango de edad
550.0
1350.0
850.0
]]></system-out>
  <system-err><![CDATA[]]></system-err>
</testsuite>
